#
# A fatal error has been detected by the Java Runtime Environment:
#
#  EXCEPTION_ACCESS_VIOLATION (0xc0000005) at pc=0x0000000063d66217, pid=2304, tid=0x0000000000002f1c
#
# JRE version: OpenJDK Runtime Environment (8.0_112-b06) (build 1.8.0_112-release-b06)
# Java VM: OpenJDK 64-Bit Server VM (25.112-b06 mixed mode windows-amd64 compressed oops)
# Problematic frame:
# V  [jvm.dll+0x466217]
#
# Failed to write core dump. Minidumps are not enabled by default on client versions of Windows
#
# If you would like to submit a bug report, please visit:
#   http://bugreport.java.com/bugreport/crash.jsp
#

---------------  T H R E A D  ---------------

Current thread (0x00000000165b9800):  JavaThread "C2 CompilerThread0" daemon [_thread_in_native, id=12060, stack(0x0000000017c30000,0x0000000017d30000)]

siginfo: ExceptionCode=0xc0000005, writing address 0x00000000640d2010

Registers:
RAX=0x00000000007096e8, RBX=0x000000001c6922d0, RCX=0x0000000000000000, RDX=0x00000000007096e8
RSP=0x0000000017d2c260, RBP=0x0000000000003103, RSI=0x0000000017d2c360, RDI=0x0000000000003103
R8 =0x0000000000000008, R9 =0x00000000640d2010, R10=0x0000000063900000, R11=0x0000000017d2c150
R12=0x00000000640c2010, R13=0x0000000063900000, R14=0x0000000018c354b8, R15=0x00000000000003d8
RIP=0x0000000063d66217, EFLAGS=0x0000000000010206

Top of Stack: (sp=0x0000000017d2c260)
0x0000000017d2c260:   000000001c596570 000000001c596570
0x0000000017d2c270:   0000000000003103 0000000017d2c360
0x0000000017d2c280:   0000300500000000 0000000000000001
0x0000000017d2c290:   0000000019a3a6e0 0000000000000031
0x0000000017d2c2a0:   000000001d3a3698 0000000000000033
0x0000000017d2c2b0:   000000001c69c230 0000000017d2c650
0x0000000017d2c2c0:   0000000018c350e0 0000000017d2c650
0x0000000017d2c2d0:   0000000018c350d0 0000000063d32ad6
0x0000000017d2c2e0:   0000000017d2c760 0000000017d2c3e0
0x0000000017d2c2f0:   0000000000000000 000000000000000b
0x0000000017d2c300:   0000000000000002 0000000018c350d0
0x0000000017d2c310:   0000000019a3a310 0000000019a3c300
0x0000000017d2c320:   0000000019a422f8 0000000000d408a8
0x0000000017d2c330:   0000000000000002 00000000165eb3e0
0x0000000017d2c340:   00000000165eb3e0 00000000165eb3f0
0x0000000017d2c350:   00000000165eb7c8 00000000000003d8 

Instructions: (pc=0x0000000063d66217)
0x0000000063d661f7:   d7 8b cf 41 b8 01 00 00 00 c1 ea 05 83 e1 1f 83
0x0000000063d66207:   e2 07 41 d3 e0 8b ca 41 8b 14 91 8b c2 41 0b c0
0x0000000063d66217:   41 89 04 89 41 85 d0 0f 85 44 ff ff ff ff 03 e9
0x0000000063d66227:   3d ff ff ff ff c7 3b 7e 28 0f 82 1a ff ff ff 4c 


Register to memory mapping:

RAX=0x00000000007096e8 is an unknown value
RBX=0x000000001c6922d0 is an unknown value
RCX=0x0000000000000000 is an unknown value
RDX=0x00000000007096e8 is an unknown value
RSP=0x0000000017d2c260 is pointing into the stack for thread: 0x00000000165b9800
RBP=0x0000000000003103 is an unknown value
RSI=0x0000000017d2c360 is pointing into the stack for thread: 0x00000000165b9800
RDI=0x0000000000003103 is an unknown value
R8 =0x0000000000000008 is an unknown value
R9 =0x00000000640d2010 is an unknown value
R10=0x0000000063900000 is an unknown value
R11=0x0000000017d2c150 is pointing into the stack for thread: 0x00000000165b9800
R12=0x00000000640c2010 is an unknown value
R13=0x0000000063900000 is an unknown value
R14=0x0000000018c354b8 is an unknown value
R15=0x00000000000003d8 is an unknown value


Stack: [0x0000000017c30000,0x0000000017d30000],  sp=0x0000000017d2c260,  free space=1008k
Native frames: (J=compiled Java code, j=interpreted, Vv=VM code, C=native code)
V  [jvm.dll+0x466217]
V  [jvm.dll+0x432ad6]
V  [jvm.dll+0x43d6bb]
V  [jvm.dll+0x43ff8e]
V  [jvm.dll+0x423242]
V  [jvm.dll+0x80b29]
V  [jvm.dll+0x8145f]
V  [jvm.dll+0x21be7f]
V  [jvm.dll+0x26c13a]
C  [msvcr100.dll+0x21d9f]
C  [msvcr100.dll+0x21e3b]
C  [KERNEL32.DLL+0x12774]
C  [ntdll.dll+0x70d51]


Current CompileTask:
C2:   3946 1792       4       org.codehaus.groovy.runtime.metaclass.MetaMethodIndex::addMethodToList (284 bytes)


---------------  P R O C E S S  ---------------

Java Threads: ( => current thread )
  0x000000001a645000 JavaThread "File lock request listener" [_thread_in_native, id=3316, stack(0x000000001c3b0000,0x000000001c4b0000)]
  0x000000001910d800 JavaThread "Stdin handler" [_thread_blocked, id=1664, stack(0x000000001bf60000,0x000000001c060000)]
  0x000000001911b000 JavaThread "pool-1-thread-1" [_thread_blocked, id=11320, stack(0x000000001be60000,0x000000001bf60000)]
  0x000000001911a800 JavaThread "Asynchronous log dispatcher for DefaultDaemonConnection: socket connection from /127.0.0.1:55705 to /127.0.0.1:55706" [_thread_blocked, id=2288, stack(0x000000001bd60000,0x000000001be60000)]
  0x00000000195a4000 JavaThread "Daemon worker" [_thread_in_Java, id=12820, stack(0x000000001bc60000,0x000000001bd60000)]
  0x0000000019122800 JavaThread "Cancel handler" [_thread_blocked, id=1596, stack(0x000000001bb60000,0x000000001bc60000)]
  0x0000000019091000 JavaThread "Handler for socket connection from /127.0.0.1:55705 to /127.0.0.1:55706" [_thread_in_native, id=9180, stack(0x000000001ba60000,0x000000001bb60000)]
  0x0000000018f12000 JavaThread "Daemon" [_thread_blocked, id=11168, stack(0x000000001a170000,0x000000001a270000)]
  0x0000000019096000 JavaThread "Incoming local TCP Connector on port 55705" [_thread_in_native, id=12648, stack(0x0000000019d00000,0x0000000019e00000)]
  0x0000000017f58800 JavaThread "Service Thread" daemon [_thread_blocked, id=4196, stack(0x0000000018330000,0x0000000018430000)]
  0x00000000165c5800 JavaThread "C1 CompilerThread2" daemon [_thread_in_vm, id=10932, stack(0x0000000017e30000,0x0000000017f30000)]
  0x00000000165be800 JavaThread "C2 CompilerThread1" daemon [_thread_in_native, id=10516, stack(0x0000000017d30000,0x0000000017e30000)]
=>0x00000000165b9800 JavaThread "C2 CompilerThread0" daemon [_thread_in_native, id=12060, stack(0x0000000017c30000,0x0000000017d30000)]
  0x00000000165b8000 JavaThread "Attach Listener" daemon [_thread_blocked, id=5084, stack(0x0000000017b30000,0x0000000017c30000)]
  0x00000000165b7000 JavaThread "Signal Dispatcher" daemon [_thread_blocked, id=1068, stack(0x0000000017a30000,0x0000000017b30000)]
  0x00000000165a8800 JavaThread "Finalizer" daemon [_thread_blocked, id=9456, stack(0x0000000017840000,0x0000000017940000)]
  0x0000000002c40000 JavaThread "Reference Handler" daemon [_thread_blocked, id=832, stack(0x0000000017740000,0x0000000017840000)]
  0x0000000002b50800 JavaThread "main" [_thread_blocked, id=7072, stack(0x0000000002a50000,0x0000000002b50000)]

Other Threads:
  0x0000000016586800 VMThread [stack: 0x0000000017640000,0x0000000017740000] [id=11204]
  0x000000001661e800 WatcherThread [stack: 0x0000000018430000,0x0000000018530000] [id=12376]

VM state:not at safepoint (normal execution)

VM Mutex/Monitor currently owned by a thread: None

Heap:
 PSYoungGen      total 38400K, used 16221K [0x00000000e0000000, 0x00000000e2a80000, 0x0000000100000000)
  eden space 33280K, 48% used [0x00000000e0000000,0x00000000e0fd7478,0x00000000e2080000)
  from space 5120K, 0% used [0x00000000e2580000,0x00000000e2580000,0x00000000e2a80000)
  to   space 5120K, 0% used [0x00000000e2080000,0x00000000e2080000,0x00000000e2580000)
 ParOldGen       total 66048K, used 9205K [0x00000000a0000000, 0x00000000a4080000, 0x00000000e0000000)
  object space 66048K, 13% used [0x00000000a0000000,0x00000000a08fd5e0,0x00000000a4080000)
 Metaspace       used 22302K, capacity 22666K, committed 22912K, reserved 1069056K
  class space    used 2940K, capacity 3080K, committed 3200K, reserved 1048576K

Card table byte_map: [0x0000000012010000,0x0000000012320000] byte_map_base: 0x0000000011b10000

Marking Bits: (ParMarkBitMap*) 0x00000000640c18f0
 Begin Bits: [0x0000000012920000, 0x0000000014120000)
 End Bits:   [0x0000000014120000, 0x0000000015920000)

Polling page: 0x0000000002950000

CodeCache: size=245760Kb used=7463Kb max_used=7474Kb free=238296Kb
 bounds [0x0000000002c50000, 0x00000000033b0000, 0x0000000011c50000]
 total_blobs=2475 nmethods=1831 adapters=557
 compilation: enabled

Compilation events (10 events):
Event: 3.872 Thread 0x00000000165c5800 nmethod 1821 0x0000000003379f10 code [0x000000000337a080, 0x000000000337a348]
Event: 3.873 Thread 0x00000000165be800 nmethod 1820 0x0000000003371ed0 code [0x0000000003372020, 0x0000000003372158]
Event: 3.890 Thread 0x00000000165c5800 1823       3       org.gradle.internal.service.DefaultServiceRegistry$CompositeProvider::getService (54 bytes)
Event: 3.890 Thread 0x00000000165c5800 nmethod 1823 0x00000000033794d0 code [0x0000000003379680, 0x0000000003379cf8]
Event: 3.896 Thread 0x00000000165c5800 1824       1       com.google.common.base.Present::orNull (5 bytes)
Event: 3.896 Thread 0x00000000165c5800 nmethod 1824 0x0000000003379210 code [0x0000000003379360, 0x0000000003379470]
Event: 3.901 Thread 0x00000000165c5800 1825   !   3       org.gradle.internal.classloader.TransformingClassLoader::findClass (203 bytes)
Event: 3.903 Thread 0x00000000165c5800 nmethod 1825 0x0000000003399710 code [0x0000000003399b60, 0x000000000339c338]
Event: 3.903 Thread 0x00000000165c5800 1826       3       org.gradle.initialization.MixInLegacyTypesClassLoader::shouldTransform (42 bytes)
Event: 3.903 Thread 0x00000000165c5800 nmethod 1826 0x00000000033747d0 code [0x0000000003374960, 0x0000000003374db8]

GC Heap History (10 events):
Event: 0.812 GC heap before
{Heap before GC invocations=1 (full 0):
 PSYoungGen      total 38400K, used 33280K [0x00000000e0000000, 0x00000000e2a80000, 0x0000000100000000)
  eden space 33280K, 100% used [0x00000000e0000000,0x00000000e2080000,0x00000000e2080000)
  from space 5120K, 0% used [0x00000000e2580000,0x00000000e2580000,0x00000000e2a80000)
  to   space 5120K, 0% used [0x00000000e2080000,0x00000000e2080000,0x00000000e2580000)
 ParOldGen       total 87552K, used 0K [0x00000000a0000000, 0x00000000a5580000, 0x00000000e0000000)
  object space 87552K, 0% used [0x00000000a0000000,0x00000000a0000000,0x00000000a5580000)
 Metaspace       used 6800K, capacity 6952K, committed 7040K, reserved 1056768K
  class space    used 832K, capacity 888K, committed 896K, reserved 1048576K
Event: 0.816 GC heap after
Heap after GC invocations=1 (full 0):
 PSYoungGen      total 38400K, used 4325K [0x00000000e0000000, 0x00000000e2a80000, 0x0000000100000000)
  eden space 33280K, 0% used [0x00000000e0000000,0x00000000e0000000,0x00000000e2080000)
  from space 5120K, 84% used [0x00000000e2080000,0x00000000e24b96b0,0x00000000e2580000)
  to   space 5120K, 0% used [0x00000000e2580000,0x00000000e2580000,0x00000000e2a80000)
 ParOldGen       total 87552K, used 16K [0x00000000a0000000, 0x00000000a5580000, 0x00000000e0000000)
  object space 87552K, 0% used [0x00000000a0000000,0x00000000a0004000,0x00000000a5580000)
 Metaspace       used 6800K, capacity 6952K, committed 7040K, reserved 1056768K
  class space    used 832K, capacity 888K, committed 896K, reserved 1048576K
}
Event: 1.928 GC heap before
{Heap before GC invocations=2 (full 0):
 PSYoungGen      total 38400K, used 37605K [0x00000000e0000000, 0x00000000e2a80000, 0x0000000100000000)
  eden space 33280K, 100% used [0x00000000e0000000,0x00000000e2080000,0x00000000e2080000)
  from space 5120K, 84% used [0x00000000e2080000,0x00000000e24b96b0,0x00000000e2580000)
  to   space 5120K, 0% used [0x00000000e2580000,0x00000000e2580000,0x00000000e2a80000)
 ParOldGen       total 87552K, used 16K [0x00000000a0000000, 0x00000000a5580000, 0x00000000e0000000)
  object space 87552K, 0% used [0x00000000a0000000,0x00000000a0004000,0x00000000a5580000)
 Metaspace       used 13065K, capacity 13382K, committed 13440K, reserved 1060864K
  class space    used 1741K, capacity 1870K, committed 1920K, reserved 1048576K
Event: 1.937 GC heap after
Heap after GC invocations=2 (full 0):
 PSYoungGen      total 38400K, used 5118K [0x00000000e0000000, 0x00000000e2a80000, 0x0000000100000000)
  eden space 33280K, 0% used [0x00000000e0000000,0x00000000e0000000,0x00000000e2080000)
  from space 5120K, 99% used [0x00000000e2580000,0x00000000e2a7fa88,0x00000000e2a80000)
  to   space 5120K, 0% used [0x00000000e2080000,0x00000000e2080000,0x00000000e2580000)
 ParOldGen       total 87552K, used 727K [0x00000000a0000000, 0x00000000a5580000, 0x00000000e0000000)
  object space 87552K, 0% used [0x00000000a0000000,0x00000000a00b5ff8,0x00000000a5580000)
 Metaspace       used 13065K, capacity 13382K, committed 13440K, reserved 1060864K
  class space    used 1741K, capacity 1870K, committed 1920K, reserved 1048576K
}
Event: 2.954 GC heap before
{Heap before GC invocations=3 (full 0):
 PSYoungGen      total 38400K, used 38398K [0x00000000e0000000, 0x00000000e2a80000, 0x0000000100000000)
  eden space 33280K, 100% used [0x00000000e0000000,0x00000000e2080000,0x00000000e2080000)
  from space 5120K, 99% used [0x00000000e2580000,0x00000000e2a7fa88,0x00000000e2a80000)
  to   space 5120K, 0% used [0x00000000e2080000,0x00000000e2080000,0x00000000e2580000)
 ParOldGen       total 87552K, used 727K [0x00000000a0000000, 0x00000000a5580000, 0x00000000e0000000)
  object space 87552K, 0% used [0x00000000a0000000,0x00000000a00b5ff8,0x00000000a5580000)
 Metaspace       used 16589K, capacity 16930K, committed 17024K, reserved 1064960K
  class space    used 2313K, capacity 2428K, committed 2432K, reserved 1048576K
Event: 2.963 GC heap after
Heap after GC invocations=3 (full 0):
 PSYoungGen      total 38400K, used 5116K [0x00000000e0000000, 0x00000000e2a80000, 0x0000000100000000)
  eden space 33280K, 0% used [0x00000000e0000000,0x00000000e0000000,0x00000000e2080000)
  from space 5120K, 99% used [0x00000000e2080000,0x00000000e257f1e8,0x00000000e2580000)
  to   space 5120K, 0% used [0x00000000e2580000,0x00000000e2580000,0x00000000e2a80000)
 ParOldGen       total 87552K, used 3485K [0x00000000a0000000, 0x00000000a5580000, 0x00000000e0000000)
  object space 87552K, 3% used [0x00000000a0000000,0x00000000a0367648,0x00000000a5580000)
 Metaspace       used 16589K, capacity 16930K, committed 17024K, reserved 1064960K
  class space    used 2313K, capacity 2428K, committed 2432K, reserved 1048576K
}
Event: 3.475 GC heap before
{Heap before GC invocations=4 (full 0):
 PSYoungGen      total 38400K, used 27617K [0x00000000e0000000, 0x00000000e2a80000, 0x0000000100000000)
  eden space 33280K, 67% used [0x00000000e0000000,0x00000000e15f9438,0x00000000e2080000)
  from space 5120K, 99% used [0x00000000e2080000,0x00000000e257f1e8,0x00000000e2580000)
  to   space 5120K, 0% used [0x00000000e2580000,0x00000000e2580000,0x00000000e2a80000)
 ParOldGen       total 87552K, used 3485K [0x00000000a0000000, 0x00000000a5580000, 0x00000000e0000000)
  object space 87552K, 3% used [0x00000000a0000000,0x00000000a0367648,0x00000000a5580000)
 Metaspace       used 20850K, capacity 21230K, committed 21296K, reserved 1067008K
  class space    used 2788K, capacity 2944K, committed 2944K, reserved 1048576K
Event: 3.483 GC heap after
Heap after GC invocations=4 (full 0):
 PSYoungGen      total 38400K, used 5120K [0x00000000e0000000, 0x00000000e2a80000, 0x0000000100000000)
  eden space 33280K, 0% used [0x00000000e0000000,0x00000000e0000000,0x00000000e2080000)
  from space 5120K, 100% used [0x00000000e2580000,0x00000000e2a80000,0x00000000e2a80000)
  to   space 5120K, 0% used [0x00000000e2080000,0x00000000e2080000,0x00000000e2580000)
 ParOldGen       total 87552K, used 7729K [0x00000000a0000000, 0x00000000a5580000, 0x00000000e0000000)
  object space 87552K, 8% used [0x00000000a0000000,0x00000000a078c5d8,0x00000000a5580000)
 Metaspace       used 20850K, capacity 21230K, committed 21296K, reserved 1067008K
  class space    used 2788K, capacity 2944K, committed 2944K, reserved 1048576K
}
Event: 3.483 GC heap before
{Heap before GC invocations=5 (full 1):
 PSYoungGen      total 38400K, used 5120K [0x00000000e0000000, 0x00000000e2a80000, 0x0000000100000000)
  eden space 33280K, 0% used [0x00000000e0000000,0x00000000e0000000,0x00000000e2080000)
  from space 5120K, 100% used [0x00000000e2580000,0x00000000e2a80000,0x00000000e2a80000)
  to   space 5120K, 0% used [0x00000000e2080000,0x00000000e2080000,0x00000000e2580000)
 ParOldGen       total 87552K, used 7729K [0x00000000a0000000, 0x00000000a5580000, 0x00000000e0000000)
  object space 87552K, 8% used [0x00000000a0000000,0x00000000a078c5d8,0x00000000a5580000)
 Metaspace       used 20850K, capacity 21230K, committed 21296K, reserved 1067008K
  class space    used 2788K, capacity 2944K, committed 2944K, reserved 1048576K
Event: 3.520 GC heap after
Heap after GC invocations=5 (full 1):
 PSYoungGen      total 38400K, used 0K [0x00000000e0000000, 0x00000000e2a80000, 0x0000000100000000)
  eden space 33280K, 0% used [0x00000000e0000000,0x00000000e0000000,0x00000000e2080000)
  from space 5120K, 0% used [0x00000000e2580000,0x00000000e2580000,0x00000000e2a80000)
  to   space 5120K, 0% used [0x00000000e2080000,0x00000000e2080000,0x00000000e2580000)
 ParOldGen       total 66048K, used 9205K [0x00000000a0000000, 0x00000000a4080000, 0x00000000e0000000)
  object space 66048K, 13% used [0x00000000a0000000,0x00000000a08fd5e0,0x00000000a4080000)
 Metaspace       used 20850K, capacity 21230K, committed 21296K, reserved 1067008K
  class space    used 2788K, capacity 2944K, committed 2944K, reserved 1048576K
}

Deoptimization events (10 events):
Event: 3.007 Thread 0x00000000195a4000 Uncommon trap: reason=class_check action=maybe_recompile pc=0x0000000002e1d8e8 method=java.lang.String.equals(Ljava/lang/Object;)Z @ 8
Event: 3.008 Thread 0x00000000195a4000 Uncommon trap: reason=class_check action=maybe_recompile pc=0x0000000002e1d8e8 method=java.lang.String.equals(Ljava/lang/Object;)Z @ 8
Event: 3.152 Thread 0x00000000195a4000 Uncommon trap: reason=class_check action=maybe_recompile pc=0x0000000002e32b18 method=sun.misc.URLClassPath.getLoader(I)Lsun/misc/URLClassPath$Loader; @ 94
Event: 3.152 Thread 0x00000000195a4000 Uncommon trap: reason=class_check action=maybe_recompile pc=0x0000000003166e98 method=sun.misc.URLClassPath.getResource(Ljava/lang/String;Z)Lsun/misc/Resource; @ 62
Event: 3.417 Thread 0x00000000195a4000 Uncommon trap: reason=class_check action=maybe_recompile pc=0x0000000002e32ca8 method=sun.misc.URLClassPath.getLoader(I)Lsun/misc/URLClassPath$Loader; @ 193
Event: 3.424 Thread 0x00000000195a4000 Uncommon trap: reason=class_check action=maybe_recompile pc=0x0000000002e32ca8 method=sun.misc.URLClassPath.getLoader(I)Lsun/misc/URLClassPath$Loader; @ 193
Event: 3.455 Thread 0x00000000195a4000 Uncommon trap: reason=class_check action=maybe_recompile pc=0x0000000002e32ca8 method=sun.misc.URLClassPath.getLoader(I)Lsun/misc/URLClassPath$Loader; @ 193
Event: 3.649 Thread 0x00000000195a4000 Uncommon trap: reason=class_check action=maybe_recompile pc=0x0000000003121ee4 method=sun.security.provider.DigestBase.implCompressMultiBlock([BII)I @ 8
Event: 3.652 Thread 0x00000000195a4000 Uncommon trap: reason=class_check action=maybe_recompile pc=0x0000000002e28214 method=sun.misc.URLClassPath.getLoader(I)Lsun/misc/URLClassPath$Loader; @ 94
Event: 3.873 Thread 0x00000000195a4000 Uncommon trap: reason=unstable_if action=reinterpret pc=0x0000000002eb7f3c method=java.io.WinNTFileSystem.resolve(Ljava/lang/String;Ljava/lang/String;)Ljava/lang/String; @ 49

Internal exceptions (10 events):
Event: 3.572 Thread 0x00000000195a4000 Exception <a 'java/lang/ClassNotFoundException': org/gradle/api/internal/project/AbstractPluginAwareBeanInfo> (0x00000000e0128788) thrown at [C:\src\android\AOSP-openjdk\external\jetbrains\jdk\hotspot\src\share\vm\classfile\systemDictionary.cpp, line 210]
Event: 3.572 Thread 0x00000000195a4000 Exception <a 'java/lang/ClassNotFoundException': org/gradle/api/internal/project/AbstractPluginAwareCustomizer> (0x00000000e014bec0) thrown at [C:\src\android\AOSP-openjdk\external\jetbrains\jdk\hotspot\src\share\vm\classfile\systemDictionary.cpp, line 210œı1lï@
Event: 3.573 Thread 0x00000000195a4000 Exception <a 'java/lang/ClassNotFoundException': org/gradle/invocation/DefaultGradleCustomizer> (0x00000000e016f5c8) thrown at [C:\src\android\AOSP-openjdk\external\jetbrains\jdk\hotspot\src\share\vm\classfile\systemDictionary.cpp, line 210]
Event: 3.575 Thread 0x00000000195a4000 Exception <a 'java/lang/ClassNotFoundException': org/gradle/invocation/DefaultGradle_DecoratedCustomizer> (0x00000000e01c0ec8) thrown at [C:\src\android\AOSP-openjdk\external\jetbrains\jdk\hotspot\src\share\vm\classfile\systemDictionary.cpp, line 210]
Event: 3.656 Thread 0x00000000195a4000 Exception <a 'java/lang/ClassNotFoundException': ijinit2_151sced0gral33u4euskeseu6BeanInfo> (0x00000000e02d2b20) thrown at [C:\src\android\AOSP-openjdk\external\jetbrains\jdk\hotspot\src\share\vm\classfile\systemDictionary.cpp, line 210]
Event: 3.656 Thread 0x00000000195a4000 Exception <a 'java/lang/ClassNotFoundException': ijinit2_151sced0gral33u4euskeseu6Customizer> (0x00000000e02dd250) thrown at [C:\src\android\AOSP-openjdk\external\jetbrains\jdk\hotspot\src\share\vm\classfile\systemDictionary.cpp, line 210]
Event: 3.689 Thread 0x00000000195a4000 Exception <a 'java/lang/ClassNotFoundException': org/gradle/internal/metaobject/ConfigureDelegateBeanInfo> (0x00000000e0519310) thrown at [C:\src\android\AOSP-openjdk\external\jetbrains\jdk\hotspot\src\share\vm\classfile\systemDictionary.cpp, line 210]
Event: 3.689 Thread 0x00000000195a4000 Exception <a 'java/lang/ClassNotFoundException': org/gradle/internal/metaobject/ConfigureDelegateCustomizer> (0x00000000e05394e0) thrown at [C:\src\android\AOSP-openjdk\external\jetbrains\jdk\hotspot\src\share\vm\classfile\systemDictionary.cpp, line 210]
Event: 3.692 Thread 0x00000000195a4000 Exception <a 'java/lang/ClassNotFoundException': org/gradle/api/internal/initialization/DefaultScriptHandlerBeanInfo> (0x00000000e059c928) thrown at [C:\src\android\AOSP-openjdk\external\jetbrains\jdk\hotspot\src\share\vm\classfile\systemDictionary.cpp, liÃiÑù›ä@
Event: 3.693 Thread 0x00000000195a4000 Exception <a 'java/lang/ClassNotFoundException': org/gradle/api/internal/initialization/DefaultScriptHandlerCustomizer> (0x00000000e05c3270) thrown at [C:\src\android\AOSP-openjdk\external\jetbrains\jdk\hotspot\src\share\vm\classfile\systemDictionary.cpp, )CÅQì@

Events (10 events):
Event: 3.902 loading class org/gradle/api/internal/artifacts/ivyservice/ivyresolve/strategy/MavenVersionSelectorScheme
Event: 3.902 loading class org/gradle/api/internal/artifacts/ivyservice/ivyresolve/strategy/MavenVersionSelectorScheme done
Event: 3.902 loading class org/gradle/api/internal/artifacts/dsl/DefaultRepositoryHandler
Event: 3.902 loading class org/gradle/api/internal/artifacts/dsl/DefaultRepositoryHandler done
Event: 3.903 loading class org/gradle/api/internal/artifacts/DefaultArtifactRepositoryContainer
Event: 3.903 loading class org/gradle/api/internal/artifacts/DefaultArtifactRepositoryContainer done
Event: 3.903 loading class org/gradle/api/internal/DefaultNamedDomainObjectList
Event: 3.903 loading class org/gradle/api/internal/DefaultNamedDomainObjectList done
Event: 3.903 loading class org/gradle/api/internal/DefaultNamedDomainObjectCollection
Event: 3.903 loading class org/gradle/api/internal/DefaultNamedDomainObjectCollection done


Dynamic libraries:
0x00007ff61e3f0000 - 0x00007ff61e421000 	C:\Program Files\Android\Android Studio2\jre\bin\java.exe
0x00007ffe01110000 - 0x00007ffe012eb000 	C:\WINDOWS\SYSTEM32\ntdll.dll
0x00007ffde2660000 - 0x00007ffde2693000 	C:\Program Files\AVAST Software\Avast\x64\aswhooka.dll
0x00007ffe00890000 - 0x00007ffe0093e000 	C:\WINDOWS\System32\KERNEL32.DLL
0x00007ffdfda80000 - 0x00007ffdfdcc9000 	C:\WINDOWS\System32\KERNELBASE.dll
0x00007ffe00ef0000 - 0x00007ffe00f91000 	C:\WINDOWS\System32\ADVAPI32.dll
0x00007ffdfeba0000 - 0x00007ffdfec3d000 	C:\WINDOWS\System32\msvcrt.dll
0x00007ffdfec50000 - 0x00007ffdfeca9000 	C:\WINDOWS\System32\sechost.dll
0x00007ffe00b50000 - 0x00007ffe00c75000 	C:\WINDOWS\System32\RPCRT4.dll
0x00007ffe00d20000 - 0x00007ffe00e6a000 	C:\WINDOWS\System32\USER32.dll
0x00007ffdfd950000 - 0x00007ffdfd96e000 	C:\WINDOWS\System32\win32u.dll
0x00007ffe00940000 - 0x00007ffe00967000 	C:\WINDOWS\System32\GDI32.dll
0x00007ffdfdcd0000 - 0x00007ffdfde58000 	C:\WINDOWS\System32\gdi32full.dll
0x00007ffdfe560000 - 0x00007ffdfe5fa000 	C:\WINDOWS\System32\msvcp_win.dll
0x00007ffdfd850000 - 0x00007ffdfd946000 	C:\WINDOWS\System32\ucrtbase.dll
0x00007ffde9020000 - 0x00007ffde9287000 	C:\WINDOWS\WinSxS\amd64_microsoft.windows.common-controls_6595b64144ccf1df_6.0.15063.483_none_26002d27e7c744a2\COMCTL32.dll
0x00007ffdfe8a0000 - 0x00007ffdfeb99000 	C:\WINDOWS\System32\combase.dll
0x00007ffdfe600000 - 0x00007ffdfe66a000 	C:\WINDOWS\System32\bcryptPrimitives.dll
0x00007ffdfed70000 - 0x00007ffdfed9d000 	C:\WINDOWS\System32\IMM32.DLL
0x0000000063740000 - 0x0000000063812000 	C:\Program Files\Android\Android Studio2\jre\jre\bin\msvcr100.dll
0x0000000063900000 - 0x000000006413c000 	C:\Program Files\Android\Android Studio2\jre\jre\bin\server\jvm.dll
0x00007ffdfec40000 - 0x00007ffdfec48000 	C:\WINDOWS\System32\PSAPI.DLL
0x00007ffdf1150000 - 0x00007ffdf1159000 	C:\WINDOWS\SYSTEM32\WSOCK32.dll
0x00007ffdfeda0000 - 0x00007ffdfee0c000 	C:\WINDOWS\System32\WS2_32.dll
0x00007ffdfbc50000 - 0x00007ffdfbc73000 	C:\WINDOWS\SYSTEM32\WINMM.dll
0x00007ffdf0a70000 - 0x00007ffdf0a7a000 	C:\WINDOWS\SYSTEM32\VERSION.dll
0x00007ffdfbc20000 - 0x00007ffdfbc4b000 	C:\WINDOWS\SYSTEM32\WINMMBASE.dll
0x00007ffdfd630000 - 0x00007ffdfd679000 	C:\WINDOWS\System32\cfgmgr32.dll
0x00007ffdee180000 - 0x00007ffdee18f000 	C:\Program Files\Android\Android Studio2\jre\jre\bin\verify.dll
0x00007ffdda8e0000 - 0x00007ffdda909000 	C:\Program Files\Android\Android Studio2\jre\jre\bin\java.dll
0x00007ffde6020000 - 0x00007ffde6036000 	C:\Program Files\Android\Android Studio2\jre\jre\bin\zip.dll
0x00007ffdfee10000 - 0x00007ffe00246000 	C:\WINDOWS\System32\SHELL32.dll
0x00007ffe00690000 - 0x00007ffe0073a000 	C:\WINDOWS\System32\shcore.dll
0x00007ffdfde60000 - 0x00007ffdfe553000 	C:\WINDOWS\System32\windows.storage.dll
0x00007ffe00ae0000 - 0x00007ffe00b31000 	C:\WINDOWS\System32\shlwapi.dll
0x00007ffdfd580000 - 0x00007ffdfd591000 	C:\WINDOWS\System32\kernel.appcore.dll
0x00007ffdfd5c0000 - 0x00007ffdfd60c000 	C:\WINDOWS\System32\powrprof.dll
0x00007ffdfd610000 - 0x00007ffdfd625000 	C:\WINDOWS\System32\profapi.dll
0x00007ffde51c0000 - 0x00007ffde51da000 	C:\Program Files\Android\Android Studio2\jre\jre\bin\net.dll
0x00007ffdfce30000 - 0x00007ffdfce8c000 	C:\WINDOWS\system32\mswsock.dll
0x00007ffde26a0000 - 0x00007ffde26b1000 	C:\Program Files\Android\Android Studio2\jre\jre\bin\nio.dll
0x00007ffdf5c30000 - 0x00007ffdf5c4e000 	C:\Users\pc-6\.gradle\native\23\windows-amd64\native-platform.dll
0x00007ffdfcfe0000 - 0x00007ffdfcff7000 	C:\WINDOWS\SYSTEM32\CRYPTSP.dll
0x00007ffdfca50000 - 0x00007ffdfca84000 	C:\WINDOWS\system32\rsaenh.dll
0x00007ffdfd450000 - 0x00007ffdfd475000 	C:\WINDOWS\SYSTEM32\bcrypt.dll
0x00007ffdfd4b0000 - 0x00007ffdfd4d9000 	C:\WINDOWS\SYSTEM32\USERENV.dll
0x00007ffdfcfd0000 - 0x00007ffdfcfdb000 	C:\WINDOWS\SYSTEM32\CRYPTBASE.dll
0x00007ffdfcbd0000 - 0x00007ffdfcc07000 	C:\WINDOWS\SYSTEM32\IPHLPAPI.DLL
0x00007ffdfe810000 - 0x00007ffdfe818000 	C:\WINDOWS\System32\NSI.dll
0x00007ffdf8ca0000 - 0x00007ffdf8cb6000 	C:\WINDOWS\SYSTEM32\dhcpcsvc6.DLL
0x00007ffdf8a60000 - 0x00007ffdf8a7a000 	C:\WINDOWS\SYSTEM32\dhcpcsvc.DLL
0x00007ffdeb450000 - 0x00007ffdeb45d000 	C:\Program Files\Android\Android Studio2\jre\jre\bin\management.dll
0x00007ffdf1730000 - 0x00007ffdf18d9000 	C:\WINDOWS\SYSTEM32\dbghelp.dll

VM Arguments:
jvm_args: -Xmx1536m -Dfile.encoding=windows-1252 -Duser.country=US -Duser.language=en -Duser.variant 
java_command: org.gradle.launcher.daemon.bootstrap.GradleDaemon 3.3
java_class_path (initial): C:\Users\pc-6\.gradle\wrapper\dists\gradle-3.3-all\55gk2rcmfc6p2dg9u9ohc3hw9\gradle-3.3\lib\gradle-launcher-3.3.jar
Launcher Type: SUN_STANDARD

Environment Variables:
PATH=C:\ProgramData\Oracle\Java\javapath;C:\WINDOWS\system32;C:\WINDOWS;C:\WINDOWS\System32\Wbem;C:\WINDOWS\System32\WindowsPowerShell\v1.0;C:\Program Files\Java\jdk1.8.0_121\bin;C:\WINDOWS\System32\WindowsPowerShell\v1.0\;C:\Users\pc-6\AppData\Local\Microsoft\WindowsApps;
USERNAME=pc-6
OS=Windows_NT
PROCESSOR_IDENTIFIER=Intel64 Family 6 Model 60 Stepping 3, GenuineIntel



---------------  S Y S T E M  ---------------

OS: Windows 10.0 , 64 bit Build 15063 (10.0.15063.296)

CPU:total 4 (4 cores per cpu, 1 threads per core) family 6 model 60 stepping 3, cmov, cx8, fxsr, mmx, sse, sse2, sse3, ssse3, sse4.1, sse4.2, popcnt, avx, avx2, aes, clmul, erms, lzcnt, tsc, tscinvbit, bmi1, bmi2

Memory: 4k page, physical 8286484k(4708556k free), swap 14519984k(10647044k free)

vm_info: OpenJDK 64-Bit Server VM (25.112-b06) for windows-amd64 JRE (1.8.0_112-release-b06), built on Dec  8 2016 00:54:26 by "builder" with MS VC++ 10.0 (VS2010)

time: Sat Sep 30 10:37:46 2017
elapsed time: 3 seconds (0d 0h 0m 3s)

